<?xml version="1.0" encoding="UTF-8"?>
<!-- Generated by org.testng.reporters.JUnitXMLReporter -->
<testsuite ignored="0" hostname="Srinivas" failures="2" tests="2" name="Chrometest(failed)" time="11.745" errors="0" timestamp="2026-05-24T00:01:56 IST">
  <testcase classname="testCases.TC003_LoginDDT" name="verify_DDT" time="2.848">
    <failure type="java.lang.AssertionError" message="null">
      <![CDATA[java.lang.AssertionError: null
at testCases.TC003_LoginDDT.verify_DDT(TC003_LoginDDT.java:65)
at java.base/java.util.ArrayList.forEach(ArrayList.java:1511)
... Removed 29 stack frames]]>
    </failure>
  </testcase> <!-- verify_DDT -->
  <testcase classname="testCases.TC003_LoginDDT" name="verify_DDT" time="2.827">
    <failure type="java.lang.AssertionError" message="null">
      <![CDATA[java.lang.AssertionError: null
at testCases.TC003_LoginDDT.verify_DDT(TC003_LoginDDT.java:65)
at java.base/java.util.ArrayList.forEach(ArrayList.java:1511)
... Removed 29 stack frames]]>
    </failure>
  </testcase> <!-- verify_DDT -->
</testsuite> <!-- Chrometest(failed) -->
